Drill Listing
=============
Drill: .01181  Tool: 1  Feed: 95  Speed: 300
X 409448  Y 409448
X 409448  Y 425196
X 425196  Y 425196
X 425196  Y 409448
X 440944  Y 409448
X 440944  Y 425196
X 456692  Y 409448
X 456692  Y 425196
X 472440  Y 409448
X 472440  Y 425196
X 488188  Y 409448
X 503937  Y 409448
X 551181  Y 409448
X 566929  Y 409448
X 582677  Y 409448
X 582677  Y 425196
X 598425  Y 409448
X 598425  Y 425196
X 614173  Y 409448
X 614173  Y 425196
X 619094  Y 428543
X 629921  Y 409448
X 629921  Y 425196
X 645669  Y 409448
X 645669  Y 425196
X 661417  Y 409448
X 661417  Y 425196
X 677165  Y 409448
X 677165  Y 425196
X 692913  Y 409448
X 692913  Y 425196
X 708661  Y 409448
X 708661  Y 425196
X 724409  Y 409448
X 724409  Y 425196
X 740157  Y 409448
X 740157  Y 425196
X 755905  Y 409448
X 771653  Y 409448
X 787401  Y 409448
X 787401  Y 425196
X 798425  Y 406889
X 803149  Y 409448
X 803149  Y 425196
X 818897  Y 409448
X 818897  Y 425196
X 834645  Y 409448
X 834645  Y 425196
X 850393  Y 409448
X 850393  Y 425196
X 866141  Y 409448
X 866141  Y 425196
X 913385  Y 409448
X 929133  Y 409448
X 944881  Y 409448
X 960629  Y 409448
X 976377  Y 409448
X 992125  Y 409448
X 1001968  Y 422244
X 1007874  Y 409448
X 1023622  Y 409448
X 1039370  Y 409448
X 1039370  Y 425196
X 1055118  Y 409448
X 1055118  Y 425196
X 1069488  Y 413385
X 1096653  Y 428543
X 1096653  Y 431496
X 1099606  Y 428543
X 1099606  Y 431496
X 1102559  Y 431496
X 1102559  Y 428543
X 1141732  Y 409448
X 1141732  Y 425196
X 1141732  Y 440944
X 1141732  Y 456692
X 1102559  Y 437795
X 1102559  Y 434842
X 1099606  Y 437795
X 1099606  Y 434842
X 1096653  Y 434842
X 1096653  Y 437795
X 1051181  Y 448425
X 990157  Y 438976
X 990157  Y 441929
X 990157  Y 444881
X 987204  Y 441929
X 987204  Y 444881
X 987204  Y 438976
X 984251  Y 438976
X 984251  Y 441929
X 984251  Y 444881
X 927165  Y 434055
X 917519  Y 439173
X 876771  Y 437007
X 836614  Y 449803
X 818897  Y 440944
X 803149  Y 440944
X 724409  Y 456692
X 724409  Y 440944
X 692913  Y 456692
X 692913  Y 440944
X 675196  Y 443700
X 667322  Y 443503
X 666338  Y 450787
X 598425  Y 440944
X 598425  Y 456692
X 582677  Y 456692
X 472440  Y 456692
X 456692  Y 440944
X 440944  Y 440944
X 472440  Y 472440
X 488188  Y 472440
X 566929  Y 472440
X 582677  Y 472440
X 598425  Y 472440
X 602952  Y 476377
X 606102  Y 479330
X 609645  Y 476181
X 618897  Y 468307
X 622834  Y 468307
X 659448  Y 468307
X 715551  Y 473031
X 722440  Y 470669
X 729330  Y 468307
X 752559  Y 476771
X 795866  Y 474409
X 866732  Y 459055
X 866732  Y 464173
X 878149  Y 481692
X 895078  Y 481102
X 899212  Y 481102
X 903149  Y 481102
X 916338  Y 469094
X 916338  Y 464173
X 994094  Y 457677
X 994094  Y 460629
X 994094  Y 466535
X 994094  Y 463582
X 997047  Y 457677
X 997047  Y 466535
X 997047  Y 460629
X 997047  Y 463582
X 1042322  Y 461614
X 1042322  Y 464566
X 1042322  Y 467519
X 1042322  Y 470472
X 1042322  Y 473425
X 1042322  Y 476377
X 1045275  Y 461614
X 1045275  Y 470472
X 1045275  Y 464566
X 1045275  Y 473425
X 1045275  Y 467519
X 1045275  Y 476377
X 1076771  Y 475393
X 1076771  Y 478346
X 1076771  Y 481299
X 1079724  Y 475393
X 1079724  Y 478346
X 1079724  Y 481299
X 1089763  Y 479921
X 1092716  Y 479921
X 1095669  Y 479921
X 1116535  Y 461811
X 1120078  Y 475393
X 1120078  Y 489173
X 1095669  Y 482874
X 1092716  Y 482874
X 1089763  Y 482874
X 1079724  Y 484251
X 1076771  Y 484251
X 1049212  Y 504921
X 1046259  Y 504921
X 1043307  Y 504921
X 968503  Y 488188
X 968503  Y 503937
X 952755  Y 488188
X 952755  Y 503937
X 937007  Y 503937
X 921259  Y 503937
X 905511  Y 503937
X 905511  Y 488188
X 889763  Y 503937
X 889763  Y 488188
X 867125  Y 484055
X 818503  Y 485433
X 816141  Y 487795
X 814370  Y 490748
X 701968  Y 496456
X 694881  Y 498031
X 687795  Y 499606
X 681496  Y 501181
X 674409  Y 502755
X 667322  Y 504330
X 666141  Y 486023
X 660236  Y 505905
X 637795  Y 503937
X 622047  Y 503937
X 606299  Y 503937
X 582677  Y 488188
X 582677  Y 503937
X 566929  Y 488188
X 564960  Y 505905
X 536811  Y 505905
X 519685  Y 503937
X 503937  Y 503937
X 488188  Y 503937
X 488188  Y 488188
X 472440  Y 503937
X 472440  Y 488188
X 472440  Y 519685
X 488188  Y 519685
X 503937  Y 519685
X 519685  Y 519685
X 531889  Y 518700
X 535433  Y 519685
X 544685  Y 518700
X 566929  Y 519685
X 582677  Y 519685
X 606299  Y 519685
X 606692  Y 529527
X 622047  Y 519685
X 637795  Y 519685
X 653937  Y 507480
X 756889  Y 515551
X 772637  Y 515551
X 793307  Y 519685
X 805118  Y 519685
X 805118  Y 527559
X 812992  Y 527559
X 833464  Y 509842
X 837401  Y 509842
X 838188  Y 512992
X 838976  Y 530314
X 885433  Y 526377
X 889763  Y 519685
X 897244  Y 524015
X 908661  Y 528937
X 921259  Y 519685
X 930314  Y 523937
X 930314  Y 528937
X 937007  Y 519685
X 952755  Y 519685
X 968503  Y 519685
X 1015748  Y 519685
X 1043307  Y 507874
X 1046259  Y 507874
X 1049212  Y 507874
X 1068897  Y 513779
X 1068897  Y 510826
X 1071850  Y 510826
X 1071850  Y 513779
X 1074803  Y 510826
X 1077952  Y 530905
X 1077952  Y 527755
X 1081102  Y 530905
X 1081102  Y 527755
X 1084251  Y 530905
X 1084251  Y 527755
X 1139173  Y 538779
X 1139173  Y 541732
X 1136220  Y 538779
X 1136220  Y 541732
X 1090551  Y 554133
X 1090551  Y 551181
X 1087598  Y 554133
X 1087598  Y 551181
X 1084645  Y 554133
X 1084645  Y 551181
X 1084251  Y 534055
X 1081692  Y 554133
X 1081692  Y 551181
X 1081102  Y 534055
X 1078740  Y 551181
X 1078740  Y 554133
X 1077952  Y 534055
X 1047244  Y 541338
X 1038385  Y 541338
X 1033464  Y 555708
X 1033464  Y 552952
X 1030708  Y 552952
X 1030708  Y 555708
X 1015748  Y 535433
X 974015  Y 547637
X 968503  Y 535433
X 952755  Y 535433
X 937007  Y 535433
X 930314  Y 538937
X 930314  Y 533937
X 916929  Y 551968
X 914173  Y 556299
X 913385  Y 551968
X 910629  Y 556299
X 903543  Y 555511
X 898818  Y 544488
X 863385  Y 550787
X 827165  Y 538976
X 822440  Y 544488
X 814566  Y 543700
X 813976  Y 555118
X 777559  Y 544881
X 770669  Y 555905
X 766732  Y 556299
X 735826  Y 553543
X 725984  Y 555118
X 718503  Y 550000
X 705511  Y 555118
X 704921  Y 537795
X 683858  Y 555118
X 680314  Y 556299
X 677755  Y 552362
X 666338  Y 554921
X 659448  Y 553149
X 651574  Y 553149
X 637795  Y 535433
X 606692  Y 550000
X 606692  Y 536220
X 606692  Y 543307
X 606299  Y 555118
X 574803  Y 551181
X 559055  Y 551181
X 535433  Y 551181
X 535433  Y 535433
X 519685  Y 535433
X 519685  Y 551181
X 503937  Y 551181
X 503937  Y 535433
X 488188  Y 535433
X 488188  Y 551181
X 472440  Y 551181
X 472440  Y 535433
X 427165  Y 575984
X 430314  Y 580708
X 472440  Y 566929
X 488188  Y 566929
X 503937  Y 566929
X 519685  Y 566929
X 537992  Y 573031
X 538188  Y 566732
X 543700  Y 557874
X 552559  Y 569685
X 601181  Y 561023
X 603937  Y 558661
X 606299  Y 563779
X 627559  Y 571259
X 642125  Y 576771
X 653543  Y 576377
X 672834  Y 578346
X 673228  Y 581496
X 676771  Y 581496
X 683070  Y 576771
X 683070  Y 568897
X 689370  Y 567322
X 690944  Y 571259
X 694881  Y 571259
X 697637  Y 574015
X 698425  Y 570866
X 698818  Y 567322
X 703543  Y 567322
X 723228  Y 557480
X 733464  Y 566535
X 743700  Y 567322
X 762204  Y 556889
X 813779  Y 565354
X 829527  Y 563385
X 835039  Y 581496
X 835433  Y 577559
X 839370  Y 577559
X 839763  Y 574015
X 840551  Y 570866
X 843700  Y 570078
X 877559  Y 568110
X 877559  Y 572047
X 879133  Y 575196
X 883070  Y 566535
X 898622  Y 569291
X 899606  Y 558661
X 903149  Y 558661
X 910433  Y 569291
X 914566  Y 561023
X 930314  Y 566535
X 932677  Y 569685
X 935826  Y 572047
X 937401  Y 564173
X 938188  Y 568897
X 949212  Y 571259
X 961811  Y 571259
X 1000000  Y 559055
X 1015748  Y 559055
X 1030708  Y 558464
X 1033464  Y 558464
X 1131889  Y 602362
X 1131889  Y 599409
X 1131889  Y 596456
X 1131889  Y 593503
X 1128937  Y 602362
X 1128937  Y 599409
X 1128937  Y 596456
X 1128937  Y 593503
X 1115551  Y 588582
X 1115551  Y 585629
X 1112598  Y 588582
X 1112598  Y 585629
X 1054330  Y 595866
X 1054330  Y 598622
X 1054330  Y 601377
X 1051574  Y 601377
X 1051574  Y 598622
X 1051574  Y 595866
X 975984  Y 600787
X 972834  Y 600787
X 961614  Y 588779
X 954527  Y 588582
X 948818  Y 588779
X 931102  Y 606299
X 927165  Y 606299
X 927165  Y 602755
X 923228  Y 603149
X 917322  Y 602755
X 910629  Y 588976
X 898818  Y 588582
X 892716  Y 586220
X 888779  Y 586220
X 850818  Y 605905
X 831102  Y 592913
X 828740  Y 597637
X 825590  Y 601574
X 825228  Y 597559
X 822157  Y 601653
X 818110  Y 603149
X 817716  Y 585433
X 813976  Y 603346
X 813779  Y 585826
X 813779  Y 588976
X 787007  Y 605905
X 783464  Y 586220
X 770866  Y 583070
X 760236  Y 583070
X 760039  Y 592519
X 760039  Y 602362
X 759842  Y 597440
X 757677  Y 590157
X 757677  Y 594881
X 757677  Y 600000
X 753937  Y 604330
X 750000  Y 604330
X 749606  Y 597637
X 749015  Y 594488
X 745669  Y 591141
X 738188  Y 587007
X 738188  Y 590354
X 734055  Y 587795
X 733858  Y 584448
X 730118  Y 584842
X 706692  Y 584645
X 698818  Y 584645
X 690944  Y 584645
X 683070  Y 584645
X 466535  Y 584645
X 461023  Y 590157
X 457874  Y 590157
X 456299  Y 582283
X 456299  Y 587007
X 453937  Y 606299
X 453149  Y 583070
X 446062  Y 593110
X 441338  Y 590551
X 439763  Y 596062
X 436220  Y 599212
X 430314  Y 601181
X 427952  Y 598031
X 425196  Y 606299
X 409448  Y 606299
X 409448  Y 590551
X 409448  Y 622047
X 425196  Y 622047
X 438582  Y 607677
X 444291  Y 611417
X 450000  Y 617716
X 450000  Y 621653
X 453149  Y 612992
X 606496  Y 628149
X 625590  Y 615748
X 642125  Y 616535
X 653149  Y 621062
X 653149  Y 615354
X 653543  Y 626574
X 655511  Y 618700
X 655511  Y 623622
X 675196  Y 616141
X 675196  Y 624015
X 677165  Y 609448
X 680708  Y 609448
X 690944  Y 616141
X 690944  Y 624015
X 697637  Y 607086
X 706692  Y 608267
X 706692  Y 616141
X 706692  Y 624015
X 726377  Y 624015
X 735039  Y 621653
X 735039  Y 625590
X 742913  Y 628740
X 750000  Y 612204
X 750000  Y 608267
X 750000  Y 627952
X 752362  Y 622440
X 753937  Y 608267
X 753937  Y 612204
X 757874  Y 612204
X 760236  Y 607086
X 760236  Y 627165
X 770866  Y 627952
X 771653  Y 608661
X 788582  Y 627165
X 813976  Y 610236
X 813976  Y 617125
X 813976  Y 630905
X 813976  Y 624015
X 858661  Y 630314
X 861811  Y 626377
X 861811  Y 629921
X 864960  Y 625984
X 931496  Y 609448
X 936614  Y 607480
X 937401  Y 610629
X 941732  Y 620472
X 945275  Y 620472
X 945669  Y 623622
X 951181  Y 619291
X 954330  Y 626377
X 956299  Y 619291
X 956299  Y 615748
X 961811  Y 621259
X 963779  Y 625590
X 966141  Y 631102
X 1052165  Y 607283
X 1055118  Y 607283
X 1108464  Y 645669
X 1108464  Y 651574
X 1108464  Y 648622
X 1105511  Y 645669
X 1105511  Y 651574
X 1105511  Y 648622
X 1102559  Y 648622
X 1102559  Y 645669
X 1102559  Y 651574
X 1099606  Y 651574
X 1099606  Y 645669
X 1099606  Y 648622
X 1031496  Y 637795
X 967519  Y 649409
X 966535  Y 634251
X 960236  Y 651968
X 955708  Y 649409
X 949803  Y 648818
X 943897  Y 649409
X 942913  Y 635826
X 937401  Y 637401
X 923228  Y 634251
X 919291  Y 637401
X 919291  Y 633858
X 916338  Y 649409
X 914960  Y 636614
X 910393  Y 638299
X 905511  Y 649409
X 892913  Y 649212
X 884251  Y 648818
X 861023  Y 647637
X 860236  Y 644488
X 858267  Y 633464
X 855118  Y 633858
X 813976  Y 651574
X 813976  Y 644685
X 813779  Y 656496
X 813779  Y 636614
X 792125  Y 646062
X 788976  Y 650787
X 788582  Y 646456
X 770866  Y 649409
X 753937  Y 655511
X 753937  Y 647637
X 746062  Y 655511
X 746062  Y 647637
X 746062  Y 637401
X 734251  Y 647637
X 734251  Y 655511
X 734251  Y 635826
X 726377  Y 655511
X 726377  Y 635826
X 726377  Y 647637
X 718307  Y 653543
X 714960  Y 653346
X 706692  Y 647637
X 706692  Y 635826
X 690944  Y 635826
X 690944  Y 647637
X 675196  Y 635826
X 675196  Y 647637
X 655511  Y 635826
X 653543  Y 651771
X 653543  Y 645275
X 653543  Y 648622
X 653149  Y 633464
X 643307  Y 642913
X 626377  Y 636614
X 606889  Y 642125
X 606692  Y 645669
X 602755  Y 654330
X 601870  Y 634251
X 551181  Y 637795
X 535433  Y 637795
X 519685  Y 637795
X 503937  Y 637795
X 488188  Y 637795
X 472440  Y 637795
X 465748  Y 648425
X 456692  Y 637795
X 453937  Y 631889
X 440944  Y 637795
X 435826  Y 653149
X 425196  Y 637795
X 409448  Y 637795
X 409448  Y 653543
X 435039  Y 674409
X 443700  Y 660236
X 450787  Y 674409
X 461811  Y 658661
X 466535  Y 663385
X 606692  Y 668503
X 624803  Y 668503
X 643110  Y 668307
X 656102  Y 663582
X 656496  Y 666732
X 659251  Y 670669
X 659645  Y 666929
X 662795  Y 670472
X 671653  Y 670078
X 675196  Y 667322
X 690944  Y 667322
X 695669  Y 670472
X 708661  Y 669291
X 712204  Y 663976
X 717716  Y 670472
X 718307  Y 657086
X 724409  Y 669291
X 731496  Y 669291
X 746062  Y 673228
X 748031  Y 669291
X 751574  Y 673228
X 754921  Y 673228
X 758267  Y 673228
X 759055  Y 667322
X 763779  Y 673622
X 770866  Y 672047
X 783464  Y 676771
X 815354  Y 666535
X 815354  Y 672244
X 815354  Y 679133
X 853937  Y 671259
X 870472  Y 675196
X 879133  Y 673622
X 883858  Y 666338
X 892716  Y 666338
X 905511  Y 666338
X 905905  Y 681496
X 909842  Y 679133
X 913385  Y 679133
X 916929  Y 679133
X 921259  Y 661417
X 932677  Y 660236
X 936614  Y 664173
X 949212  Y 661811
X 975984  Y 681496
X 1031496  Y 661417
X 1087992  Y 666535
X 1087992  Y 663582
X 1090944  Y 663582
X 1090944  Y 666535
X 1093897  Y 666535
X 1093897  Y 663582
X 1105708  Y 680314
X 1105708  Y 677362
X 1108661  Y 680314
X 1108661  Y 677362
X 1111614  Y 677362
X 1111614  Y 680314
X 1141732  Y 708661
X 1141732  Y 724409
X 1125984  Y 708661
X 1111614  Y 683267
X 1110236  Y 708661
X 1108661  Y 683267
X 1105708  Y 683267
X 1062992  Y 708661
X 1031496  Y 685039
X 1031496  Y 708661
X 1022637  Y 727165
X 1014763  Y 727165
X 1005905  Y 727165
X 1000000  Y 708661
X 979133  Y 686220
X 979133  Y 705118
X 977362  Y 728740
X 975984  Y 685433
X 971259  Y 705118
X 968897  Y 694094
X 931102  Y 694881
X 927952  Y 697244
X 901181  Y 682283
X 899606  Y 709055
X 897244  Y 711417
X 888582  Y 712992
X 877559  Y 724803
X 875984  Y 717716
X 872834  Y 715354
X 865748  Y 701968
X 813976  Y 686023
X 813976  Y 692913
X 813976  Y 699803
X 813976  Y 706692
X 780511  Y 720472
X 773622  Y 720472
X 766732  Y 720472
X 763779  Y 685039
X 759842  Y 720078
X 752755  Y 720078
X 746062  Y 720472
X 739173  Y 720472
X 718503  Y 684645
X 717519  Y 720472
X 710629  Y 720472
X 703740  Y 720472
X 700984  Y 728937
X 700393  Y 720472
X 696850  Y 720472
X 694685  Y 684251
X 671653  Y 684251
X 668307  Y 684842
X 666338  Y 719488
X 659448  Y 719488
X 652559  Y 719488
X 645669  Y 719488
X 638779  Y 719488
X 631889  Y 719488
X 631299  Y 724803
X 614173  Y 724409
X 556299  Y 699606
X 556299  Y 695669
X 551181  Y 724409
X 551181  Y 708661
X 543700  Y 713779
X 535433  Y 724409
X 535433  Y 708661
X 519685  Y 708661
X 519685  Y 724409
X 503937  Y 708661
X 503937  Y 724409
X 456299  Y 691732
X 449212  Y 693307
X 446062  Y 694881
X 442913  Y 701968
X 439763  Y 709842
X 430314  Y 688582
X 472440  Y 755905
X 488188  Y 740157
X 488188  Y 755905
X 503937  Y 740157
X 503937  Y 755905
X 579133  Y 753937
X 584251  Y 749212
X 587795  Y 749212
X 587795  Y 745669
X 591338  Y 745669
X 622440  Y 743700
X 625984  Y 743700
X 640157  Y 740551
X 643700  Y 740551
X 661417  Y 748031
X 671653  Y 745275
X 673622  Y 755511
X 674409  Y 749212
X 677559  Y 749212
X 679921  Y 744488
X 680314  Y 733858
X 680905  Y 751968
X 683858  Y 733858
X 683858  Y 737401
X 684645  Y 750787
X 687007  Y 737795
X 854330  Y 739370
X 969881  Y 743110
X 992913  Y 739370
X 1057480  Y 740157
X 1057480  Y 743307
X 1062204  Y 750787
X 1068503  Y 752755
X 1141732  Y 787401
X 1141732  Y 803149
X 1125984  Y 787401
X 1125984  Y 803149
X 1110236  Y 803149
X 1070866  Y 803149
X 1055118  Y 803149
X 1039370  Y 803149
X 1023622  Y 803149
X 1007874  Y 803149
X 988188  Y 785039
X 968503  Y 793110
X 960629  Y 793110
X 952755  Y 793110
X 944881  Y 793110
X 938976  Y 787795
X 886515  Y 795374
X 849606  Y 799212
X 846456  Y 804724
X 842519  Y 803937
X 839566  Y 802755
X 819488  Y 797047
X 815944  Y 797047
X 807874  Y 796850
X 673622  Y 759448
X 665354  Y 766141
X 664960  Y 769291
X 661417  Y 769291
X 661023  Y 772440
X 657874  Y 776377
X 657874  Y 772834
X 654330  Y 776377
X 654330  Y 779921
X 653543  Y 803149
X 650787  Y 779921
X 627952  Y 792125
X 622047  Y 803149
X 611417  Y 788188
X 608661  Y 782283
X 607874  Y 787795
X 606299  Y 803149
X 605118  Y 781889
X 604527  Y 778543
X 600196  Y 787007
X 579921  Y 758267
X 575984  Y 761417
X 575984  Y 757874
X 572834  Y 761811
X 568897  Y 762598
X 568503  Y 765748
X 565748  Y 772047
X 565748  Y 768503
X 562598  Y 772440
X 551181  Y 803149
X 539173  Y 803149
X 539173  Y 795275
X 517716  Y 790551
X 512992  Y 781889
X 510629  Y 784448
X 506889  Y 790551
X 503937  Y 771653
X 498031  Y 790551
X 490157  Y 790551
X 488188  Y 771653
X 482283  Y 790551
X 474409  Y 790551
X 472440  Y 771653
X 456692  Y 771653
X 456692  Y 803149
X 456692  Y 787401
X 440944  Y 803149
X 409448  Y 818897
X 425196  Y 818897
X 440944  Y 818897
X 480905  Y 811417
X 485236  Y 811417
X 489566  Y 811417
X 496850  Y 807283
X 502559  Y 806889
X 504330  Y 809842
X 523031  Y 812401
X 551181  Y 818897
X 560236  Y 828740
X 606299  Y 818897
X 622047  Y 818897
X 653543  Y 818897
X 680314  Y 809448
X 712598  Y 817716
X 722637  Y 818110
X 724409  Y 812401
X 724409  Y 814960
X 743700  Y 814566
X 747047  Y 814566
X 793700  Y 810236
X 800787  Y 831692
X 801377  Y 808661
X 801574  Y 812204
X 802165  Y 815354
X 804133  Y 821456
X 804133  Y 818700
X 804133  Y 831692
X 806889  Y 821456
X 806889  Y 818700
X 814173  Y 814566
X 814173  Y 817322
X 816929  Y 817322
X 816929  Y 814566
X 821456  Y 821259
X 944881  Y 810826
X 952755  Y 810826
X 956299  Y 831299
X 962204  Y 810629
X 967716  Y 818307
X 968110  Y 831496
X 968503  Y 810629
X 972440  Y 831496
X 1026771  Y 815944
X 1059448  Y 814370
X 1065944  Y 810433
X 1097637  Y 810433
X 1125984  Y 818897
X 1141732  Y 818897
X 1141732  Y 834645
X 1141732  Y 850393
X 1125984  Y 834645
X 1125984  Y 850393
X 1089763  Y 846456
X 1060826  Y 846456
X 1042322  Y 851574
X 1023622  Y 834645
X 1023622  Y 850393
X 1000000  Y 834645
X 1000000  Y 850393
X 850393  Y 850393
X 844685  Y 842519
X 821653  Y 836220
X 821653  Y 833464
X 818897  Y 833464
X 818897  Y 836220
X 811614  Y 833661
X 811614  Y 836417
X 808858  Y 833661
X 808858  Y 836417
X 738188  Y 838188
X 735433  Y 838188
X 677165  Y 842519
X 661417  Y 842519
X 622047  Y 842519
X 551181  Y 834645
X 535433  Y 850393
X 535433  Y 834645
X 440944  Y 834645
X 440944  Y 850393
X 425196  Y 850393
X 425196  Y 834645
X 409448  Y 834645
X 409448  Y 850393

Drill: .012  Tool: 2  Feed: 95  Speed: 300
X 667322  Y 701771
X 693897  Y 701771
X 724409  Y 696850
X 831692  Y 581889
X 916338  Y 666338

Drill: .01575  Tool: 3  Feed: 95  Speed: 300
X 929133  Y 733267
X 932874  Y 733267
X 991929  Y 733267
X 929133  Y 794488
X 929133  Y 798228

Drill: .01969  Tool: 4  Feed: 95  Speed: 300
X 1054724  Y 564173
X 1060433  Y 593307
X 1136811  Y 517913

Drill: .0315  Tool: 5  Feed: 197  Speed: 550
X 673228  Y 822834
X 688976  Y 822834
X 704724  Y 822834
X 856299  Y 818897
X 874015  Y 818897
X 889763  Y 818897
X 903543  Y 818897
X 917322  Y 818897
X 954724  Y 720472

Drill: .03543  Tool: 6  Feed: 197  Speed: 550
X 410354  Y 451968
X 410354  Y 441968
X 410354  Y 431968
X 420354  Y 451968
X 420354  Y 441968
X 420354  Y 431968
X 814960  Y 454724
X 852362  Y 444881
X 852362  Y 437007
X 935039  Y 440944
X 935039  Y 433070
X 935039  Y 456692
X 996062  Y 452755
X 996062  Y 444881
X 1091535  Y 429133
X 1091535  Y 421259
X 1127952  Y 447834
X 1091338  Y 489173
X 1083464  Y 489173
X 935039  Y 464566
X 935039  Y 480314
X 935039  Y 488188
X 852362  Y 462598
X 852362  Y 470472
X 824803  Y 464566
X 814960  Y 474409
X 420354  Y 461968
X 420354  Y 501968
X 420354  Y 491968
X 420354  Y 481968
X 420354  Y 471968
X 410354  Y 481968
X 410354  Y 491968
X 410354  Y 501968
X 410354  Y 471968
X 410354  Y 461968
X 410354  Y 521968
X 410354  Y 511968
X 410354  Y 531968
X 410354  Y 541968
X 410354  Y 551968
X 410354  Y 571968
X 410354  Y 561968
X 420354  Y 531968
X 420354  Y 511968
X 420354  Y 551968
X 420354  Y 541968
X 420354  Y 561968
X 420354  Y 571968
X 420354  Y 521968
X 1025590  Y 557401
X 1025590  Y 517401
X 1082677  Y 538385
X 1082677  Y 546259
X 1127952  Y 514763
X 1098425  Y 656102
X 1098425  Y 663976
X 1025590  Y 624330
X 1025590  Y 584330
X 1011811  Y 624330
X 1011811  Y 584330
X 420354  Y 668188
X 420354  Y 678188
X 410354  Y 668188
X 410354  Y 678188
X 410354  Y 698188
X 410354  Y 688188
X 410354  Y 718188
X 410354  Y 708188
X 410354  Y 728188
X 420354  Y 698188
X 420354  Y 688188
X 420354  Y 718188
X 420354  Y 708188
X 420354  Y 728188
X 613779  Y 697440
X 613779  Y 705314
X 773228  Y 690157
X 781102  Y 690157
X 1098425  Y 683070
X 1098425  Y 690944
X 420354  Y 748188
X 420354  Y 738188
X 420354  Y 778188
X 420354  Y 758188
X 420354  Y 768188
X 420354  Y 798188
X 420354  Y 788188
X 410354  Y 748188
X 410354  Y 738188
X 410354  Y 758188
X 410354  Y 788188
X 410354  Y 778188
X 410354  Y 768188
X 410354  Y 798188
X 410354  Y 808188
X 420354  Y 808188

Drill: .03937  Tool: 7  Feed: 197  Speed: 550
X 744842  Y 444881
X 774842  Y 444881
X 885826  Y 416338
X 895669  Y 416338
X 1130905  Y 613188
X 1111220  Y 613188
X 1095472  Y 749999
X 1095472  Y 759842
X 1087599  Y 759842
X 1087599  Y 749999
X 1027559  Y 760826
X 1017716  Y 760826
X 1007874  Y 760826
X 998031  Y 760826
X 988188  Y 760826
X 978346  Y 760826
X 968503  Y 760826
X 958661  Y 760826
X 948818  Y 760826
X 938976  Y 760826
X 929133  Y 760826
X 557086  Y 843503
X 566929  Y 843503
X 576771  Y 843503
X 586614  Y 843503
X 596456  Y 843503
X 606299  Y 843503
X 634842  Y 843503
X 644685  Y 843503
X 1033385  Y 825708
X 1033385  Y 835708
X 1043385  Y 825708
X 1043385  Y 835708
X 1064881  Y 825708
X 1064881  Y 835708
X 1074881  Y 825708
X 1074881  Y 835708
X 1096377  Y 825708
X 1096377  Y 835708
X 1106377  Y 835708
X 1106377  Y 825708

Drill: .04331  Tool: 8  Feed: 139  Speed: 550
X 477755  Y 860236
X 509251  Y 860236

Drill: .04724  Tool: 9  Feed: 139  Speed: 550
X 1063385  Y 662362
X 1063385  Y 672362
X 1127952  Y 418110
X 1127952  Y 432283
X 1063385  Y 682362
X 1063385  Y 692362

Drill: .05118  Tool: 10  Feed: 107  Speed: 550
X 501968  Y 495354
X 511968  Y 495354
X 521968  Y 495354
X 531968  Y 495354
X 541968  Y 495354
X 551968  Y 495354

Drill: .05906  Tool: 11  Feed: 107  Speed: 550
X 1133267  Y 651771
X 1133267  Y 671456

Drill: .08661  Tool: 12  Feed: 74  Speed: 550
X 1106102  Y 731221
X 1106102  Y 778621

Drill: .17717  Tool: 13  Feed: 35  Speed: 1033
X 483976  Y 438858
X 569960  Y 438858

End of Listing
