Importer Log Report
Project : IN-5200_MAIN.PrjPcb

Section : Document - C:\Users\user\Desktop\IN-5200_MAIN.DSN

    Section : Importing Sheet - PAGE1.SchDoc
        Warning : Junction at (28900mil,10000mil) has been added.
        Warning : Junction at (30900mil,22900mil) has been added.
        Warning : Junction at (5100mil,24100mil) has been removed. It will be automatically calculated.
        Warning : Junction at (5400mil,22800mil) has been removed. It will be automatically calculated.
        Warning : Junction at (4900mil,15800mil) has been removed. It will be automatically calculated.
        Warning : Junction at (5500mil,15600mil) has been removed. It will be automatically calculated.
        Warning : Junction at (5800mil,15400mil) has been removed. It will be automatically calculated.
        Warning : Junction at (5200mil,15700mil) has been removed. It will be automatically calculated.
        Warning : Junction at (4600mil,15900mil) has been removed. It will be automatically calculated.
        Warning : Junction at (30800mil,16500mil) has been removed. It will be automatically calculated.
        Warning : Junction at (32900mil,25800mil) has been removed. It will be automatically calculated.
        Warning : Junction at (30200mil,25800mil) has been removed. It will be automatically calculated.
        Warning : Junction at (31100mil,27000mil) has been removed. It will be automatically calculated.
        Warning : Junction at (30200mil,27000mil) has been removed. It will be automatically calculated.
        Warning : Junction at (30700mil,27000mil) has been removed. It will be automatically calculated.
        Warning : Junction at (31500mil,25800mil) has been removed. It will be automatically calculated.
        Warning : Junction at (32100mil,25800mil) has been removed. It will be automatically calculated.
        Warning : Junction at (32100mil,24800mil) has been removed. It will be automatically calculated.
        Warning : Junction at (30700mil,24800mil) has been removed. It will be automatically calculated.
        Warning : Junction at (34800mil,24500mil) has been removed. It will be automatically calculated.
        Warning : Junction at (30700mil,25800mil) has been removed. It will be automatically calculated.
        Warning : Junction at (30300mil,23700mil) has been removed. It will be automatically calculated.
        Warning : Junction at (32900mil,25100mil) has been removed. It will be automatically calculated.
        Warning : Junction at (34800mil,19800mil) has been removed. It will be automatically calculated.
        Warning : Junction at (35700mil,19800mil) has been removed. It will be automatically calculated.
        Warning : Junction at (33600mil,18700mil) has been removed. It will be automatically calculated.
        Warning : Junction at (30200mil,10900mil) has been removed. It will be automatically calculated.
        Warning : Junction at (30200mil,11600mil) has been removed. It will be automatically calculated.
        Warning : Junction at (22000mil,12200mil) has been removed. It will be automatically calculated.
        Warning : Junction at (22300mil,9300mil) has been removed. It will be automatically calculated.
        Warning : Junction at (21100mil,8200mil) has been removed. It will be automatically calculated.
        Warning : Junction at (24200mil,9300mil) has been removed. It will be automatically calculated.
        Warning : Junction at (23600mil,9300mil) has been removed. It will be automatically calculated.
        Warning : Junction at (30600mil,19200mil) has been removed. It will be automatically calculated.
        Warning : Junction at (30600mil,17800mil) has been removed. It will be automatically calculated.
        Warning : Junction at (9400mil,26800mil) has been removed. It will be automatically calculated.
        Warning : Junction at (4300mil,19400mil) has been removed. It will be automatically calculated.
        Warning : Junction at (3600mil,20100mil) has been removed. It will be automatically calculated.
        Warning : Junction at (3600mil,20000mil) has been removed. It will be automatically calculated.
        Warning : Junction at (29600mil,24900mil) has been removed. It will be automatically calculated.
        Warning : Junction at (33600mil,19800mil) has been removed. It will be automatically calculated.
        Warning : Junction at (12000mil,10600mil) has been removed. It will be automatically calculated.
        Warning : Junction at (21400mil,9300mil) has been removed. It will be automatically calculated.
        Warning : Junction at (12400mil,10600mil) has been removed. It will be automatically calculated.
        Warning : Junction at (12200mil,8900mil) has been removed. It will be automatically calculated.
        Warning : Junction at (11000mil,8900mil) has been removed. It will be automatically calculated.
        Warning : Junction at (14400mil,10600mil) has been removed. It will be automatically calculated.
        Warning : Junction at (6900mil,16200mil) has been removed. It will be automatically calculated.
        Warning : Junction at (12600mil,8900mil) has been removed. It will be automatically calculated.
        Warning : Junction at (14600mil,8900mil) has been removed. It will be automatically calculated.
        Warning : Junction at (33400mil,19800mil) has been removed. It will be automatically calculated.
        Warning : Junction at (11300mil,10600mil) has been removed. It will be automatically calculated.
        Warning : Junction at (9700mil,10600mil) has been removed. It will be automatically calculated.
        Warning : Junction at (32500mil,22000mil) has been removed. It will be automatically calculated.
        Warning : Junction at (11400mil,8900mil) has been removed. It will be automatically calculated.
        Warning : Junction at (29200mil,10000mil) has been removed. It will be automatically calculated.
        Warning : Junction at (29100mil,10000mil) has been removed. It will be automatically calculated.
        Warning : Junction at (13600mil,10600mil) has been removed. It will be automatically calculated.
        Warning : Junction at (10700mil,8900mil) has been removed. It will be automatically calculated.
        Warning : Junction at (28800mil,10000mil) has been removed. It will be automatically calculated.
        Warning : Junction at (35500mil,25800mil) has been removed. It will be automatically calculated.
        Warning : Junction at (10100mil,10600mil) has been removed. It will be automatically calculated.
        Warning : Junction at (13800mil,8900mil) has been removed. It will be automatically calculated.
        Warning : Junction at (32900mil,22000mil) has been removed. It will be automatically calculated.
        Warning : Junction at (34800mil,25800mil) has been removed. It will be automatically calculated.
        Warning : Junction at (10500mil,10600mil) has been removed. It will be automatically calculated.
        Warning : Junction at (10900mil,10600mil) has been removed. It will be automatically calculated.
        Warning : Junction at (11600mil,10600mil) has been removed. It will be automatically calculated.
        Warning : Junction at (11800mil,8900mil) has been removed. It will be automatically calculated.
        Warning : Junction at (29000mil,10000mil) has been removed. It will be automatically calculated.
        Warning : Junction at (28600mil,10000mil) has been removed. It will be automatically calculated.
        Warning : Junction at (13400mil,8900mil) has been removed. It will be automatically calculated.
        Warning : Junction at (28700mil,10000mil) has been removed. It will be automatically calculated.
        Warning : Junction at (13600mil,13700mil) has been removed. It will be automatically calculated.
        Warning : Junction at (14200mil,8900mil) has been removed. It will be automatically calculated.
        Warning : Junction at (13000mil,8900mil) has been removed. It will be automatically calculated.
        Warning : Junction at (13200mil,10600mil) has been removed. It will be automatically calculated.
        Warning : Junction at (14800mil,10600mil) has been removed. It will be automatically calculated.
        Warning : Junction at (12800mil,10600mil) has been removed. It will be automatically calculated.
        Warning : Junction at (14000mil,10600mil) has been removed. It will be automatically calculated.
        Warning : Junction at (27900mil,11300mil) has been removed. It will be automatically calculated.
        Warning : Junction at (15200mil,10600mil) has been removed. It will be automatically calculated.
        Warning : Junction at (13400mil,9600mil) has been removed. It will be automatically calculated.
        Warning : Junction at (5200mil,16900mil) has been removed. It will be automatically calculated.
        Warning : Junction at (29500mil,20200mil) has been removed. It will be automatically calculated.
        Warning : Junction at (37800mil,11500mil) has been removed. It will be automatically calculated.
        Warning : Junction at (13600mil,11300mil) has been removed. It will be automatically calculated.
        Warning : Junction at (10500mil,11300mil) has been removed. It will be automatically calculated.
        Warning : Junction at (10900mil,11300mil) has been removed. It will be automatically calculated.
        Warning : Junction at (7300mil,18100mil) has been removed. It will be automatically calculated.
        Warning : Junction at (30300mil,22900mil) has been removed. It will be automatically calculated.
        Warning : Junction at (11700mil,17100mil) has been removed. It will be automatically calculated.
        Warning : Junction at (7000mil,9500mil) has been removed. It will be automatically calculated.
        Warning : Junction at (11300mil,11300mil) has been removed. It will be automatically calculated.
        Warning : Junction at (23700mil,12200mil) has been removed. It will be automatically calculated.
        Warning : Junction at (19300mil,14200mil) has been removed. It will be automatically calculated.
        Warning : Junction at (12600mil,9600mil) has been removed. It will be automatically calculated.
        Warning : Junction at (5800mil,10900mil) has been removed. It will be automatically calculated.
        Warning : Junction at (37800mil,11000mil) has been removed. It will be automatically calculated.
        Warning : Junction at (14600mil,9600mil) has been removed. It will be automatically calculated.
        Warning : Junction at (37800mil,11900mil) has been removed. It will be automatically calculated.
        Warning : Junction at (10700mil,9600mil) has been removed. It will be automatically calculated.
        Warning : Junction at (13200mil,11300mil) has been removed. It will be automatically calculated.
        Warning : Junction at (10200mil,26800mil) has been removed. It will be automatically calculated.
        Warning : Junction at (5400mil,10900mil) has been removed. It will be automatically calculated.
        Warning : Junction at (4900mil,16900mil) has been removed. It will be automatically calculated.
        Warning : Junction at (14200mil,9600mil) has been removed. It will be automatically calculated.
        Warning : Junction at (13000mil,9600mil) has been removed. It will be automatically calculated.
        Warning : Junction at (15300mil,13600mil) has been removed. It will be automatically calculated.
        Warning : Junction at (14400mil,11300mil) has been removed. It will be automatically calculated.
        Warning : Junction at (15300mil,29200mil) has been removed. It will be automatically calculated.
        Warning : Junction at (10100mil,11300mil) has been removed. It will be automatically calculated.
        Warning : Junction at (7200mil,20100mil) has been removed. It will be automatically calculated.
        Warning : Junction at (5800mil,9800mil) has been removed. It will be automatically calculated.
        Warning : Junction at (11800mil,9600mil) has been removed. It will be automatically calculated.
        Warning : Junction at (12800mil,11300mil) has been removed. It will be automatically calculated.
        Warning : Junction at (19800mil,29200mil) has been removed. It will be automatically calculated.
        Warning : Junction at (11700mil,16700mil) has been removed. It will be automatically calculated.
        Warning : Junction at (12200mil,9600mil) has been removed. It will be automatically calculated.
        Warning : Junction at (15200mil,11300mil) has been removed. It will be automatically calculated.
        Warning : Junction at (14800mil,11300mil) has been removed. It will be automatically calculated.
        Warning : Junction at (18200mil,14200mil) has been removed. It will be automatically calculated.
        Warning : Junction at (35300mil,11300mil) has been removed. It will be automatically calculated.
        Warning : Junction at (11000mil,16700mil) has been removed. It will be automatically calculated.
        Warning : Junction at (9700mil,11300mil) has been removed. It will be automatically calculated.
        Warning : Junction at (35300mil,11500mil) has been removed. It will be automatically calculated.
        Warning : Junction at (23700mil,12600mil) has been removed. It will be automatically calculated.
        Warning : Junction at (13700mil,30600mil) has been removed. It will be automatically calculated.
        Warning : Junction at (13800mil,9600mil) has been removed. It will be automatically calculated.
        Warning : Junction at (12400mil,11300mil) has been removed. It will be automatically calculated.
        Warning : Junction at (11400mil,9600mil) has been removed. It will be automatically calculated.
        Warning : Junction at (6800mil,20200mil) has been removed. It will be automatically calculated.
        Warning : Junction at (14100mil,14100mil) has been removed. It will be automatically calculated.
        Warning : Junction at (14100mil,13000mil) has been removed. It will be automatically calculated.
        Warning : Junction at (13700mil,29200mil) has been removed. It will be automatically calculated.
        Warning : Junction at (4700mil,13200mil) has been removed. It will be automatically calculated.
        Warning : Junction at (14000mil,11300mil) has been removed. It will be automatically calculated.
        Warning : Junction at (5500mil,16900mil) has been removed. It will be automatically calculated.
        Warning : Junction at (37000mil,22600mil) has been removed. It will be automatically calculated.
        Warning : Junction at (17100mil,14200mil) has been removed. It will be automatically calculated.
        Warning : Junction at (36500mil,22600mil) has been removed. It will be automatically calculated.
        Warning : Junction at (12000mil,11300mil) has been removed. It will be automatically calculated.
        Warning : Junction at (35300mil,11000mil) has been removed. It will be automatically calculated.
        Warning : Junction at (4700mil,10100mil) has been removed. It will be automatically calculated.
        Warning : Junction at (18200mil,29200mil) has been removed. It will be automatically calculated.
        Warning : Junction at (35300mil,11900mil) has been removed. It will be automatically calculated.
        Warning : Junction at (6200mil,9700mil) has been removed. It will be automatically calculated.
        Warning : Junction at (6600mil,9600mil) has been removed. It will be automatically calculated.
        Warning : Junction at (29100mil,20200mil) has been removed. It will be automatically calculated.
        Warning : Junction at (18200mil,30600mil) has been removed. It will be automatically calculated.
        Warning : Junction at (6600mil,10900mil) has been removed. It will be automatically calculated.
        Warning : Junction at (37800mil,11600mil) has been removed. It will be automatically calculated.
        Warning : Junction at (6700mil,16600mil) has been removed. It will be automatically calculated.
        Warning : Junction at (8900mil,27800mil) has been removed. It will be automatically calculated.
        Warning : Junction at (6200mil,10900mil) has been removed. It will be automatically calculated.
        Warning : Junction at (5800mil,16900mil) has been removed. It will be automatically calculated.
        Warning : Junction at (11000mil,9600mil) has been removed. It will be automatically calculated.
        Warning : Junction at (37800mil,10800mil) has been removed. It will be automatically calculated.
        Warning : Junction at (6900mil,18200mil) has been removed. It will be automatically calculated.
        Warning : Junction at (11600mil,11300mil) has been removed. It will be automatically calculated.
        Warning : Junction at (28200mil,16100mil) has been removed. It will be automatically calculated.
        Warning : Junction at (37800mil,11800mil) has been removed. It will be automatically calculated.
        Warning : Junction at (12700mil,13700mil) has been removed. It will be automatically calculated.
        Warning : Junction at (17300mil,14200mil) has been removed. It will be automatically calculated.
        Warning : Junction at (19500mil,14200mil) has been removed. It will be automatically calculated.
        Warning : Junction at (17400mil,14200mil) has been removed. It will be automatically calculated.
        Warning : Junction at (16900mil,14200mil) has been removed. It will be automatically calculated.
        Warning : Junction at (18600mil,14200mil) has been removed. It will be automatically calculated.
        Warning : Junction at (18400mil,14200mil) has been removed. It will be automatically calculated.
        Warning : Junction at (19000mil,14200mil) has been removed. It will be automatically calculated.
        Warning : Junction at (16500mil,14200mil) has been removed. It will be automatically calculated.
        Warning : Junction at (18700mil,14200mil) has been removed. It will be automatically calculated.
        Warning : Junction at (19400mil,14200mil) has been removed. It will be automatically calculated.
        Warning : Junction at (18300mil,14200mil) has been removed. It will be automatically calculated.
        Warning : Junction at (18500mil,14200mil) has been removed. It will be automatically calculated.
        Warning : Junction at (16300mil,14200mil) has been removed. It will be automatically calculated.
        Warning : Junction at (16400mil,14200mil) has been removed. It will be automatically calculated.
        Warning : Junction at (18800mil,14200mil) has been removed. It will be automatically calculated.
        Warning : Junction at (16100mil,14200mil) has been removed. It will be automatically calculated.
        Warning : Junction at (16200mil,14200mil) has been removed. It will be automatically calculated.
        Warning : Junction at (16700mil,14200mil) has been removed. It will be automatically calculated.
        Warning : Junction at (17000mil,14200mil) has been removed. It will be automatically calculated.
        Warning : Junction at (16600mil,14200mil) has been removed. It will be automatically calculated.
        Warning : Junction at (18900mil,14200mil) has been removed. It will be automatically calculated.
        Warning : Junction at (19100mil,14200mil) has been removed. It will be automatically calculated.
        Warning : Junction at (16800mil,14200mil) has been removed. It will be automatically calculated.
        Warning : Junction at (17200mil,14200mil) has been removed. It will be automatically calculated.
        Warning : Junction at (27700mil,28900mil) has been removed. It will be automatically calculated.
        Warning : Junction at (32200mil,30300mil) has been removed. It will be automatically calculated.
        Warning : Junction at (29300mil,28900mil) has been removed. It will be automatically calculated.
        Warning : Junction at (27700mil,30300mil) has been removed. It will be automatically calculated.
        Warning : Junction at (33800mil,28900mil) has been removed. It will be automatically calculated.
        Warning : Junction at (32200mil,28900mil) has been removed. It will be automatically calculated.
    EndSection
EndSection
